<?xml version="1.0" encoding="UTF-8"?>
<!-- Generated by org.testng.reporters.JUnitXMLReporter -->
<testsuite ignored="4" hostname="DESKTOP-FSSQCH0" failures="0" tests="4" name="Test" time="0.063" errors="0" timestamp="2024-04-24T20:42:15 IST">
  <testcase classname="testNGPackage.TestNGAnnotations1" name="test4" time="0.006"/>
  <testcase classname="testNGPackage.TestNGAnnotations1" name="test1" time="0.001"/>
  <testcase classname="testNGPackage.TestNGAnnotations2" name="test2" time="0.003"/>
  <testcase classname="testNGPackage.TestNGAnnotations2" name="test3" time="0.002"/>
  <testcase classname="testNGPackage.TestNGAnnotations1" name="test3" time="0.0">
    <ignored/>
  </testcase> <!-- test3 -->
  <testcase classname="testNGPackage.TestNGAnnotations1" name="test2" time="0.0">
    <ignored/>
  </testcase> <!-- test2 -->
  <testcase classname="testNGPackage.TestNGAnnotations2" name="test4" time="0.0">
    <ignored/>
  </testcase> <!-- test4 -->
  <testcase classname="testNGPackage.TestNGAnnotations2" name="test1" time="0.0">
    <ignored/>
  </testcase> <!-- test1 -->
</testsuite> <!-- Test -->
