<?xml version="1.0" encoding="UTF-8"?>
<!-- Generated by org.testng.reporters.JUnitXMLReporter -->
<testsuite ignored="0" hostname="DESKTOP-FSSQCH0" failures="0" tests="8" name="Test" time="0.086" errors="0" timestamp="2024-04-24T20:29:04 IST">
  <testcase classname="testNGPackage.TestNGAnnotations1" name="test1" time="0.01"/>
  <testcase classname="testNGPackage.TestNGAnnotations1" name="test2" time="0.001"/>
  <testcase classname="testNGPackage.TestNGAnnotations1" name="test3" time="0.009"/>
  <testcase classname="testNGPackage.TestNGAnnotations1" name="test4" time="0.001"/>
  <testcase classname="testNGPackage.TestNGAnnotations2" name="test1" time="0.001"/>
  <testcase classname="testNGPackage.TestNGAnnotations2" name="test2" time="0.001"/>
  <testcase classname="testNGPackage.TestNGAnnotations2" name="test3" time="0.004"/>
  <testcase classname="testNGPackage.TestNGAnnotations2" name="test4" time="0.001"/>
</testsuite> <!-- Test -->
